2026-32-05 11:32:54 - Starting LogdemoApplication using Java 24.0.2 with PID 15336 (C:\Users\arkni\Downloads\logdemo\logdemo\target\classes started by arkni in C:\Users\arkni\Downloads\logdemo\logdemo)
2026-32-05 11:32:54 - No active profile set, falling back to 1 default profile: "default"
2026-32-05 11:32:55 - Tomcat initialized with port 8080 (http)
2026-32-05 11:32:55 - Initializing ProtocolHandler ["http-nio-8080"]
2026-32-05 11:32:55 - Starting service [Tomcat]
2026-32-05 11:32:55 - Starting Servlet engine: [Apache Tomcat/11.0.21]
2026-32-05 11:32:55 - Root WebApplicationContext: initialization completed in 565 ms
2026-32-05 11:32:55 - Starting ProtocolHandler ["http-nio-8080"]
2026-32-05 11:32:55 - Tomcat started on port 8080 (http) with context path '/'
2026-32-05 11:32:55 - Started LogdemoApplication in 1.376 seconds (process running for 1.771)
2026-46-05 11:46:20 - Commencing graceful shutdown. Waiting for active requests to complete
2026-46-05 11:46:20 - Graceful shutdown complete
2026-57-05 11:57:30 - Starting LogdemoApplication using Java 24.0.2 with PID 27136 (C:\Users\arkni\Downloads\logdemo\logdemo\target\classes started by arkni in C:\Users\arkni\Downloads\logdemo\logdemo)
2026-57-05 11:57:30 - No active profile set, falling back to 1 default profile: "default"
2026-57-05 11:57:30 - Tomcat initialized with port 8080 (http)
2026-57-05 11:57:31 - Initializing ProtocolHandler ["http-nio-8080"]
2026-57-05 11:57:31 - Starting service [Tomcat]
2026-57-05 11:57:31 - Starting Servlet engine: [Apache Tomcat/11.0.21]
2026-57-05 11:57:31 - Root WebApplicationContext: initialization completed in 595 ms
2026-57-05 11:57:31 - Starting ProtocolHandler ["http-nio-8080"]
2026-57-05 11:57:31 - Tomcat started on port 8080 (http) with context path '/'
2026-57-05 11:57:31 - Started LogdemoApplication in 1.345 seconds (process running for 1.757)
2026-54-05 12:54:16 - Commencing graceful shutdown. Waiting for active requests to complete
2026-54-05 12:54:16 - Graceful shutdown complete
